Change Component Designator: Old Designator=1KR New Designator=6
Change Component Designator: Old Designator=100R New Designator=1
Change Component Designator: Old Designator=100R New Designator=7
Change Component Designator: Old Designator=120R New Designator=2
Change Component Designator: Old Designator=180R New Designator=3
Change Component Designator: Old Designator=300R New Designator=4
Change Component Designator: Old Designator=500R New Designator=5
Change Component Designator: Old Designator=Arduino? New Designator=Arduino1
Change Component Designator: Old Designator=KEYPAD New Designator=KEYPAD1
Change Component Designator: Old Designator=LED WS2812B New Designator=LED WS1
Change Component Designator: Old Designator=RFID New Designator=RFID1
Change Component Designator: Old Designator=SERVO RC New Designator=SERVO RC2
Change Component Designator: Old Designator=SERVO RC? New Designator=SERVO RC1
Change Component Designator: Old Designator=SW? New Designator=SW1
Change Component Designator: Old Designator=SW? New Designator=SW2
Change Component Designator: Old Designator=SW? New Designator=SW3
Change Component Designator: Old Designator=SW? New Designator=SW4
Change Component Designator: Old Designator=SW? New Designator=SW5
Change Component Designator: Old Designator=SW? New Designator=SW6
Change Component Designator: Old Designator=U? New Designator=U1
